<?xml version="1.0" encoding="UTF-8"?>
<coverage generated="1573562370705" clover="3.2.0">
  <project timestamp="1573562370706" name="All files">
    <metrics statements="19" coveredstatements="13" conditionals="4" coveredconditionals="3" methods="8" coveredmethods="5" elements="31" coveredelements="21" complexity="0" loc="19" ncloc="19" packages="1" files="2" classes="2">
      <file name="Form.vue" path="D:\A\github\edit-by-contenteditable\src\components\Form.vue">
        <metrics statements="16" coveredstatements="10" conditionals="4" coveredconditionals="3" methods="7" coveredmethods="4"/>
        <line num="27" count="3" type="stmt"/>
        <line num="30" count="5" type="stmt"/>
        <line num="52" count="0" type="stmt"/>
        <line num="53" count="0" type="stmt"/>
        <line num="54" count="0" type="stmt"/>
        <line num="62" count="0" type="stmt"/>
        <line num="68" count="4" type="stmt"/>
        <line num="69" count="4" type="stmt"/>
        <line num="70" count="4" type="cond" truecount="2" falsecount="0"/>
        <line num="71" count="1" type="stmt"/>
        <line num="72" count="1" type="stmt"/>
        <line num="73" count="1" type="cond" truecount="1" falsecount="1"/>
        <line num="74" count="1" type="stmt"/>
        <line num="76" count="0" type="stmt"/>
        <line num="80" count="3" type="stmt"/>
        <line num="85" count="0" type="stmt"/>
      </file>
      <file name="Main.vue" path="D:\A\github\edit-by-contenteditable\src\components\Main.vue">
        <metrics statements="3" coveredstatements="3" conditionals="0" coveredconditionals="0" methods="1" coveredmethods="1"/>
        <line num="17" count="1" type="stmt"/>
        <line num="18" count="1" type="stmt"/>
        <line num="22" count="1" type="stmt"/>
      </file>
    </metrics>
  </project>
</coverage>
