{"D:\\A\\github\\edit-by-contenteditable\\src\\components\\Form.vue": {"path":"D:\\A\\github\\edit-by-contenteditable\\src\\components\\Form.vue","statementMap":{"0":{"start":{"line":27,"column":0},"end":{"line":null,"column":-1}},"1":{"start":{"line":30,"column":0},"end":{"line":null,"column":-1}},"2":{"start":{"line":52,"column":0},"end":{"line":null,"column":-1}},"3":{"start":{"line":53,"column":0},"end":{"line":null,"column":-1}},"4":{"start":{"line":54,"column":0},"end":{"line":null,"column":-1}},"5":{"start":{"line":62,"column":0},"end":{"line":null,"column":-1}},"6":{"start":{"line":68,"column":0},"end":{"line":null,"column":-1}},"7":{"start":{"line":69,"column":0},"end":{"line":82,"column":0}},"8":{"start":{"line":70,"column":0},"end":{"line":81,"column":0}},"9":{"start":{"line":71,"column":0},"end":{"line":null,"column":-1}},"10":{"start":{"line":72,"column":0},"end":{"line":78,"column":0}},"11":{"start":{"line":73,"column":0},"end":{"line":77,"column":0}},"12":{"start":{"line":74,"column":0},"end":{"line":null,"column":-1}},"13":{"start":{"line":76,"column":0},"end":{"line":null,"column":-1}},"14":{"start":{"line":80,"column":0},"end":{"line":null,"column":-1}},"15":{"start":{"line":85,"column":0},"end":{"line":null,"column":-1}}},"fnMap":{"0":{"name":"data","decl":{"start":{"line":29,"column":0},"end":{"line":null,"column":-1}},"loc":{"start":{"line":29,"column":0},"end":{"line":46,"column":0}}},"1":{"name":"_default","decl":{"start":{"line":50,"column":0},"end":{"line":null,"column":-1}},"loc":{"start":{"line":50,"column":0},"end":{"line":56,"column":0}}},"2":{"name":"handler","decl":{"start":{"line":61,"column":0},"end":{"line":null,"column":-1}},"loc":{"start":{"line":61,"column":0},"end":{"line":63,"column":0}}},"3":{"name":"submitForm","decl":{"start":{"line":68,"column":0},"end":{"line":null,"column":-1}},"loc":{"start":{"line":68,"column":0},"end":{"line":83,"column":0}}},"4":{"name":"(anonymous_6)","decl":{"start":{"line":69,"column":0},"end":{"line":null,"column":-1}},"loc":{"start":{"line":69,"column":0},"end":{"line":82,"column":0}}},"5":{"name":"(anonymous_7)","decl":{"start":{"line":72,"column":0},"end":{"line":null,"column":-1}},"loc":{"start":{"line":72,"column":0},"end":{"line":78,"column":0}}},"6":{"name":"resetForm","decl":{"start":{"line":84,"column":0},"end":{"line":null,"column":-1}},"loc":{"start":{"line":84,"column":0},"end":{"line":86,"column":0}}}},"branchMap":{"0":{"loc":{"start":{"line":70,"column":0},"end":{"line":81,"column":0}},"type":"if","locations":[{"start":{"line":70,"column":0},"end":{"line":81,"column":0}},{"start":{"line":70,"column":0},"end":{"line":81,"column":0}}]},"1":{"loc":{"start":{"line":73,"column":0},"end":{"line":77,"column":0}},"type":"if","locations":[{"start":{"line":73,"column":0},"end":{"line":77,"column":0}},{"start":{"line":73,"column":0},"end":{"line":77,"column":0}}]}},"s":{"0":3,"1":5,"2":0,"3":0,"4":0,"5":0,"6":4,"7":4,"8":4,"9":1,"10":1,"11":1,"12":1,"13":0,"14":3,"15":0},"f":{"0":5,"1":0,"2":0,"3":4,"4":4,"5":1,"6":0},"b":{"0":[1,3],"1":[1,0]}}
,"D:\\A\\github\\edit-by-contenteditable\\src\\components\\Main.vue": {"path":"D:\\A\\github\\edit-by-contenteditable\\src\\components\\Main.vue","statementMap":{"0":{"start":{"line":17,"column":0},"end":{"line":null,"column":-1}},"1":{"start":{"line":18,"column":0},"end":{"line":null,"column":-1}},"2":{"start":{"line":22,"column":0},"end":{"line":null,"column":-1}}},"fnMap":{"0":{"name":"data","decl":{"start":{"line":21,"column":0},"end":{"line":null,"column":-1}},"loc":{"start":{"line":21,"column":0},"end":{"line":31,"column":0}}}},"branchMap":{},"s":{"0":1,"1":1,"2":1},"f":{"0":1},"b":{}}
}
