TN:
SF:D:\A\github\edit-by-contenteditable\src\components\Form.vue
FN:29,data
FN:50,_default
FN:61,handler
FN:68,submitForm
FN:69,(anonymous_6)
FN:72,(anonymous_7)
FN:84,resetForm
FNF:7
FNH:4
FNDA:5,data
FNDA:0,_default
FNDA:0,handler
FNDA:4,submitForm
FNDA:4,(anonymous_6)
FNDA:1,(anonymous_7)
FNDA:0,resetForm
DA:27,3
DA:30,5
DA:52,0
DA:53,0
DA:54,0
DA:62,0
DA:68,4
DA:69,4
DA:70,4
DA:71,1
DA:72,1
DA:73,1
DA:74,1
DA:76,0
DA:80,3
DA:85,0
LF:16
LH:10
BRDA:70,0,0,1
BRDA:70,0,1,3
BRDA:73,1,0,1
BRDA:73,1,1,0
BRF:4
BRH:3
end_of_record
TN:
SF:D:\A\github\edit-by-contenteditable\src\components\Main.vue
FN:21,data
FNF:1
FNH:1
FNDA:1,data
DA:17,1
DA:18,1
DA:22,1
LF:3
LH:3
BRF:0
BRH:0
end_of_record
